usage: bio_embeddings [-h] [-o] /path/to/pipeline_definition.yml
bio_embeddings: error: the following arguments are required: /path/to/pipeline_definition.yml
/xtdisk/xueyb_group/xutingfeng/Anaconda/envs/BioEmbedding/lib/python3.8/site-packages/sklearn/manifold/_t_sne.py:691: FutureWarning: 'square_distances' has been introduced in 0.24 to help phase out legacy squaring behavior. The 'legacy' setting will be removed in 1.1 (renaming of 0.26), and the default setting will be changed to True. In 1.3, 'square_distances' will be removed altogether, and distances will be squared by default. Set 'square_distances'=True to silence this warning.
  warnings.warn(
/xtdisk/xueyb_group/xutingfeng/Anaconda/envs/BioEmbedding/lib/python3.8/site-packages/sklearn/manifold/_t_sne.py:691: FutureWarning: 'square_distances' has been introduced in 0.24 to help phase out legacy squaring behavior. The 'legacy' setting will be removed in 1.1 (renaming of 0.26), and the default setting will be changed to True. In 1.3, 'square_distances' will be removed altogether, and distances will be squared by default. Set 'square_distances'=True to silence this warning.
  warnings.warn(
/xtdisk/xueyb_group/xutingfeng/Anaconda/envs/BioEmbedding/lib/python3.8/site-packages/sklearn/manifold/_t_sne.py:691: FutureWarning: 'square_distances' has been introduced in 0.24 to help phase out legacy squaring behavior. The 'legacy' setting will be removed in 1.1 (renaming of 0.26), and the default setting will be changed to True. In 1.3, 'square_distances' will be removed altogether, and distances will be squared by default. Set 'square_distances'=True to silence this warning.
  warnings.warn(
/xtdisk/xueyb_group/xutingfeng/Anaconda/envs/BioEmbedding/lib/python3.8/site-packages/sklearn/manifold/_t_sne.py:691: FutureWarning: 'square_distances' has been introduced in 0.24 to help phase out legacy squaring behavior. The 'legacy' setting will be removed in 1.1 (renaming of 0.26), and the default setting will be changed to True. In 1.3, 'square_distances' will be removed altogether, and distances will be squared by default. Set 'square_distances'=True to silence this warning.
  warnings.warn(
/xtdisk/xueyb_group/xutingfeng/Anaconda/envs/BioEmbedding/lib/python3.8/site-packages/sklearn/manifold/_t_sne.py:691: FutureWarning: 'square_distances' has been introduced in 0.24 to help phase out legacy squaring behavior. The 'legacy' setting will be removed in 1.1 (renaming of 0.26), and the default setting will be changed to True. In 1.3, 'square_distances' will be removed altogether, and distances will be squared by default. Set 'square_distances'=True to silence this warning.
  warnings.warn(
/xtdisk/xueyb_group/xutingfeng/Anaconda/envs/BioEmbedding/lib/python3.8/site-packages/sklearn/manifold/_t_sne.py:691: FutureWarning: 'square_distances' has been introduced in 0.24 to help phase out legacy squaring behavior. The 'legacy' setting will be removed in 1.1 (renaming of 0.26), and the default setting will be changed to True. In 1.3, 'square_distances' will be removed altogether, and distances will be squared by default. Set 'square_distances'=True to silence this warning.
  warnings.warn(
Some weights of the model checkpoint at /home/xutingfeng/.cache/bio_embeddings/prottrans_bert_bfd/model_directory were not used when initializing BertModel: ['cls.predictions.decoder.bias', 'cls.predictions.transform.dense.weight', 'cls.predictions.transform.dense.bias', 'cls.predictions.decoder.weight', 'cls.predictions.transform.LayerNorm.weight', 'cls.predictions.transform.LayerNorm.bias', 'cls.seq_relationship.weight', 'cls.seq_relationship.bias', 'cls.predictions.bias']
- This IS expected if you are initializing BertModel from the checkpoint of a model trained on another task or with another architecture (e.g. initializing a BertForSequenceClassification model from a BertForPreTraining model).
- This IS NOT expected if you are initializing BertModel from the checkpoint of a model that you expect to be exactly identical (initializing a BertForSequenceClassification model from a BertForSequenceClassification model).
/xtdisk/xueyb_group/xutingfeng/Anaconda/envs/BioEmbedding/lib/python3.8/site-packages/sklearn/manifold/_t_sne.py:691: FutureWarning: 'square_distances' has been introduced in 0.24 to help phase out legacy squaring behavior. The 'legacy' setting will be removed in 1.1 (renaming of 0.26), and the default setting will be changed to True. In 1.3, 'square_distances' will be removed altogether, and distances will be squared by default. Set 'square_distances'=True to silence this warning.
  warnings.warn(
/xtdisk/xueyb_group/xutingfeng/Anaconda/envs/BioEmbedding/lib/python3.8/site-packages/sklearn/manifold/_t_sne.py:691: FutureWarning: 'square_distances' has been introduced in 0.24 to help phase out legacy squaring behavior. The 'legacy' setting will be removed in 1.1 (renaming of 0.26), and the default setting will be changed to True. In 1.3, 'square_distances' will be removed altogether, and distances will be squared by default. Set 'square_distances'=True to silence this warning.
  warnings.warn(
/xtdisk/xueyb_group/xutingfeng/Anaconda/envs/BioEmbedding/lib/python3.8/site-packages/sklearn/manifold/_t_sne.py:691: FutureWarning: 'square_distances' has been introduced in 0.24 to help phase out legacy squaring behavior. The 'legacy' setting will be removed in 1.1 (renaming of 0.26), and the default setting will be changed to True. In 1.3, 'square_distances' will be removed altogether, and distances will be squared by default. Set 'square_distances'=True to silence this warning.
  warnings.warn(
/xtdisk/xueyb_group/xutingfeng/Anaconda/envs/BioEmbedding/lib/python3.8/site-packages/sklearn/manifold/_t_sne.py:691: FutureWarning: 'square_distances' has been introduced in 0.24 to help phase out legacy squaring behavior. The 'legacy' setting will be removed in 1.1 (renaming of 0.26), and the default setting will be changed to True. In 1.3, 'square_distances' will be removed altogether, and distances will be squared by default. Set 'square_distances'=True to silence this warning.
  warnings.warn(
/xtdisk/xueyb_group/xutingfeng/Anaconda/envs/BioEmbedding/lib/python3.8/site-packages/sklearn/manifold/_t_sne.py:691: FutureWarning: 'square_distances' has been introduced in 0.24 to help phase out legacy squaring behavior. The 'legacy' setting will be removed in 1.1 (renaming of 0.26), and the default setting will be changed to True. In 1.3, 'square_distances' will be removed altogether, and distances will be squared by default. Set 'square_distances'=True to silence this warning.
  warnings.warn(
/xtdisk/xueyb_group/xutingfeng/Anaconda/envs/BioEmbedding/lib/python3.8/site-packages/sklearn/manifold/_t_sne.py:691: FutureWarning: 'square_distances' has been introduced in 0.24 to help phase out legacy squaring behavior. The 'legacy' setting will be removed in 1.1 (renaming of 0.26), and the default setting will be changed to True. In 1.3, 'square_distances' will be removed altogether, and distances will be squared by default. Set 'square_distances'=True to silence this warning.
  warnings.warn(
/xtdisk/xueyb_group/xutingfeng/Anaconda/envs/BioEmbedding/lib/python3.8/site-packages/sklearn/manifold/_t_sne.py:691: FutureWarning: 'square_distances' has been introduced in 0.24 to help phase out legacy squaring behavior. The 'legacy' setting will be removed in 1.1 (renaming of 0.26), and the default setting will be changed to True. In 1.3, 'square_distances' will be removed altogether, and distances will be squared by default. Set 'square_distances'=True to silence this warning.
  warnings.warn(
/xtdisk/xueyb_group/xutingfeng/Anaconda/envs/BioEmbedding/lib/python3.8/site-packages/sklearn/manifold/_t_sne.py:691: FutureWarning: 'square_distances' has been introduced in 0.24 to help phase out legacy squaring behavior. The 'legacy' setting will be removed in 1.1 (renaming of 0.26), and the default setting will be changed to True. In 1.3, 'square_distances' will be removed altogether, and distances will be squared by default. Set 'square_distances'=True to silence this warning.
  warnings.warn(
/xtdisk/xueyb_group/xutingfeng/Anaconda/envs/BioEmbedding/lib/python3.8/site-packages/sklearn/manifold/_t_sne.py:691: FutureWarning: 'square_distances' has been introduced in 0.24 to help phase out legacy squaring behavior. The 'legacy' setting will be removed in 1.1 (renaming of 0.26), and the default setting will be changed to True. In 1.3, 'square_distances' will be removed altogether, and distances will be squared by default. Set 'square_distances'=True to silence this warning.
  warnings.warn(
/xtdisk/xueyb_group/xutingfeng/Anaconda/envs/BioEmbedding/lib/python3.8/site-packages/sklearn/manifold/_t_sne.py:691: FutureWarning: 'square_distances' has been introduced in 0.24 to help phase out legacy squaring behavior. The 'legacy' setting will be removed in 1.1 (renaming of 0.26), and the default setting will be changed to True. In 1.3, 'square_distances' will be removed altogether, and distances will be squared by default. Set 'square_distances'=True to silence this warning.
  warnings.warn(
/xtdisk/xueyb_group/xutingfeng/Anaconda/envs/BioEmbedding/lib/python3.8/site-packages/sklearn/manifold/_t_sne.py:691: FutureWarning: 'square_distances' has been introduced in 0.24 to help phase out legacy squaring behavior. The 'legacy' setting will be removed in 1.1 (renaming of 0.26), and the default setting will be changed to True. In 1.3, 'square_distances' will be removed altogether, and distances will be squared by default. Set 'square_distances'=True to silence this warning.
  warnings.warn(
/xtdisk/xueyb_group/xutingfeng/Anaconda/envs/BioEmbedding/lib/python3.8/site-packages/sklearn/manifold/_t_sne.py:691: FutureWarning: 'square_distances' has been introduced in 0.24 to help phase out legacy squaring behavior. The 'legacy' setting will be removed in 1.1 (renaming of 0.26), and the default setting will be changed to True. In 1.3, 'square_distances' will be removed altogether, and distances will be squared by default. Set 'square_distances'=True to silence this warning.
  warnings.warn(
Some weights of the model checkpoint at /home/xutingfeng/.cache/bio_embeddings/prottrans_xlnet_uniref100/model_directory were not used when initializing XLNetModel: ['lm_loss.bias', 'lm_loss.weight']
- This IS expected if you are initializing XLNetModel from the checkpoint of a model trained on another task or with another architecture (e.g. initializing a BertForSequenceClassification model from a BertForPreTraining model).
- This IS NOT expected if you are initializing XLNetModel from the checkpoint of a model that you expect to be exactly identical (initializing a BertForSequenceClassification model from a BertForSequenceClassification model).
/xtdisk/xueyb_group/xutingfeng/Anaconda/envs/BioEmbedding/lib/python3.8/site-packages/transformers/tokenization_utils_base.py:1706: FutureWarning: Calling XLNetTokenizer.from_pretrained() with the path to a single file or url is deprecated and won't be possible anymore in v5. Use a model identifier or the path to a directory instead.
  warnings.warn(
/xtdisk/xueyb_group/xutingfeng/Anaconda/envs/BioEmbedding/lib/python3.8/site-packages/sklearn/manifold/_t_sne.py:691: FutureWarning: 'square_distances' has been introduced in 0.24 to help phase out legacy squaring behavior. The 'legacy' setting will be removed in 1.1 (renaming of 0.26), and the default setting will be changed to True. In 1.3, 'square_distances' will be removed altogether, and distances will be squared by default. Set 'square_distances'=True to silence this warning.
  warnings.warn(
/xtdisk/xueyb_group/xutingfeng/Anaconda/envs/BioEmbedding/lib/python3.8/site-packages/sklearn/manifold/_t_sne.py:691: FutureWarning: 'square_distances' has been introduced in 0.24 to help phase out legacy squaring behavior. The 'legacy' setting will be removed in 1.1 (renaming of 0.26), and the default setting will be changed to True. In 1.3, 'square_distances' will be removed altogether, and distances will be squared by default. Set 'square_distances'=True to silence this warning.
  warnings.warn(
/xtdisk/xueyb_group/xutingfeng/Anaconda/envs/BioEmbedding/lib/python3.8/site-packages/sklearn/manifold/_t_sne.py:691: FutureWarning: 'square_distances' has been introduced in 0.24 to help phase out legacy squaring behavior. The 'legacy' setting will be removed in 1.1 (renaming of 0.26), and the default setting will be changed to True. In 1.3, 'square_distances' will be removed altogether, and distances will be squared by default. Set 'square_distances'=True to silence this warning.
  warnings.warn(
/xtdisk/xueyb_group/xutingfeng/Anaconda/envs/BioEmbedding/lib/python3.8/site-packages/sklearn/manifold/_t_sne.py:691: FutureWarning: 'square_distances' has been introduced in 0.24 to help phase out legacy squaring behavior. The 'legacy' setting will be removed in 1.1 (renaming of 0.26), and the default setting will be changed to True. In 1.3, 'square_distances' will be removed altogether, and distances will be squared by default. Set 'square_distances'=True to silence this warning.
  warnings.warn(
/xtdisk/xueyb_group/xutingfeng/Anaconda/envs/BioEmbedding/lib/python3.8/site-packages/sklearn/manifold/_t_sne.py:691: FutureWarning: 'square_distances' has been introduced in 0.24 to help phase out legacy squaring behavior. The 'legacy' setting will be removed in 1.1 (renaming of 0.26), and the default setting will be changed to True. In 1.3, 'square_distances' will be removed altogether, and distances will be squared by default. Set 'square_distances'=True to silence this warning.
  warnings.warn(
/xtdisk/xueyb_group/xutingfeng/Anaconda/envs/BioEmbedding/lib/python3.8/site-packages/sklearn/manifold/_t_sne.py:691: FutureWarning: 'square_distances' has been introduced in 0.24 to help phase out legacy squaring behavior. The 'legacy' setting will be removed in 1.1 (renaming of 0.26), and the default setting will be changed to True. In 1.3, 'square_distances' will be removed altogether, and distances will be squared by default. Set 'square_distances'=True to silence this warning.
  warnings.warn(
/xtdisk/xueyb_group/xutingfeng/Anaconda/envs/BioEmbedding/lib/python3.8/site-packages/sklearn/manifold/_t_sne.py:691: FutureWarning: 'square_distances' has been introduced in 0.24 to help phase out legacy squaring behavior. The 'legacy' setting will be removed in 1.1 (renaming of 0.26), and the default setting will be changed to True. In 1.3, 'square_distances' will be removed altogether, and distances will be squared by default. Set 'square_distances'=True to silence this warning.
  warnings.warn(
/xtdisk/xueyb_group/xutingfeng/Anaconda/envs/BioEmbedding/lib/python3.8/site-packages/sklearn/manifold/_t_sne.py:691: FutureWarning: 'square_distances' has been introduced in 0.24 to help phase out legacy squaring behavior. The 'legacy' setting will be removed in 1.1 (renaming of 0.26), and the default setting will be changed to True. In 1.3, 'square_distances' will be removed altogether, and distances will be squared by default. Set 'square_distances'=True to silence this warning.
  warnings.warn(
/xtdisk/xueyb_group/xutingfeng/Anaconda/envs/BioEmbedding/lib/python3.8/site-packages/sklearn/manifold/_t_sne.py:691: FutureWarning: 'square_distances' has been introduced in 0.24 to help phase out legacy squaring behavior. The 'legacy' setting will be removed in 1.1 (renaming of 0.26), and the default setting will be changed to True. In 1.3, 'square_distances' will be removed altogether, and distances will be squared by default. Set 'square_distances'=True to silence this warning.
  warnings.warn(
/xtdisk/xueyb_group/xutingfeng/Anaconda/envs/BioEmbedding/lib/python3.8/site-packages/sklearn/manifold/_t_sne.py:691: FutureWarning: 'square_distances' has been introduced in 0.24 to help phase out legacy squaring behavior. The 'legacy' setting will be removed in 1.1 (renaming of 0.26), and the default setting will be changed to True. In 1.3, 'square_distances' will be removed altogether, and distances will be squared by default. Set 'square_distances'=True to silence this warning.
  warnings.warn(
/xtdisk/xueyb_group/xutingfeng/Anaconda/envs/BioEmbedding/lib/python3.8/site-packages/sklearn/manifold/_t_sne.py:691: FutureWarning: 'square_distances' has been introduced in 0.24 to help phase out legacy squaring behavior. The 'legacy' setting will be removed in 1.1 (renaming of 0.26), and the default setting will be changed to True. In 1.3, 'square_distances' will be removed altogether, and distances will be squared by default. Set 'square_distances'=True to silence this warning.
  warnings.warn(
/xtdisk/xueyb_group/xutingfeng/Anaconda/envs/BioEmbedding/lib/python3.8/site-packages/sklearn/manifold/_t_sne.py:691: FutureWarning: 'square_distances' has been introduced in 0.24 to help phase out legacy squaring behavior. The 'legacy' setting will be removed in 1.1 (renaming of 0.26), and the default setting will be changed to True. In 1.3, 'square_distances' will be removed altogether, and distances will be squared by default. Set 'square_distances'=True to silence this warning.
  warnings.warn(
Some weights of the model checkpoint at /home/xutingfeng/.cache/bio_embeddings/prottrans_albert_bfd/model_directory were not used when initializing AlbertModel: ['sop_classifier.classifier.weight', 'predictions.dense.weight', 'predictions.bias', 'sop_classifier.classifier.bias', 'predictions.dense.bias', 'predictions.decoder.weight', 'predictions.LayerNorm.weight', 'predictions.decoder.bias', 'predictions.LayerNorm.bias']
- This IS expected if you are initializing AlbertModel from the checkpoint of a model trained on another task or with another architecture (e.g. initializing a BertForSequenceClassification model from a BertForPreTraining model).
- This IS NOT expected if you are initializing AlbertModel from the checkpoint of a model that you expect to be exactly identical (initializing a BertForSequenceClassification model from a BertForSequenceClassification model).
